y:\repos\drjiro\cpp-stl-samples\secutiry\arm64\debug\secutiry.exe
y:\repos\drjiro\cpp-stl-samples\secutiry\arm64\debug\secutiry.pdb
y:\repos\drjiro\cpp-stl-samples\secutiry\secutiry\arm64\debug\vc143.pdb
y:\repos\drjiro\cpp-stl-samples\secutiry\secutiry\arm64\debug\vc143.idb
y:\repos\drjiro\cpp-stl-samples\secutiry\secutiry\arm64\debug\symmetric.obj
y:\repos\drjiro\cpp-stl-samples\secutiry\secutiry\arm64\debug\secutiry.obj
y:\repos\drjiro\cpp-stl-samples\secutiry\secutiry\arm64\debug\rsa2048.obj
y:\repos\drjiro\cpp-stl-samples\secutiry\secutiry\arm64\debug\prime256.obj
y:\repos\drjiro\cpp-stl-samples\secutiry\secutiry\arm64\debug\gcm_bitflip_demo.obj
y:\repos\drjiro\cpp-stl-samples\secutiry\secutiry\arm64\debug\ed25519.obj
y:\repos\drjiro\cpp-stl-samples\secutiry\secutiry\arm64\debug\cbc_bitflip_demo.obj
y:\repos\drjiro\cpp-stl-samples\secutiry\secutiry\arm64\debug\aes.obj
y:\repos\drjiro\cpp-stl-samples\secutiry\secutiry\arm64\debug\x25519.obj
y:\repos\drjiro\cpp-stl-samples\secutiry\secutiry\arm64\debug\secutiry.ilk
y:\repos\drjiro\cpp-stl-samples\secutiry\secutiry\arm64\debug\testsignature.obj
y:\repos\drjiro\cpp-stl-samples\secutiry\secutiry\arm64\debug\secutiry.tlog\link.read.1.tlog
y:\repos\drjiro\cpp-stl-samples\secutiry\secutiry\arm64\debug\secutiry.tlog\link.command.1.tlog
y:\repos\drjiro\cpp-stl-samples\secutiry\secutiry\arm64\debug\secutiry.tlog\link.write.1.tlog
y:\repos\drjiro\cpp-stl-samples\secutiry\secutiry\arm64\debug\secutiry.tlog\cl.read.1.tlog
y:\repos\drjiro\cpp-stl-samples\secutiry\secutiry\arm64\debug\secutiry.tlog\link.secondary.1.tlog
y:\repos\drjiro\cpp-stl-samples\secutiry\secutiry\arm64\debug\secutiry.tlog\cl.command.1.tlog
y:\repos\drjiro\cpp-stl-samples\secutiry\secutiry\arm64\debug\secutiry.tlog\cl.write.1.tlog
y:\repos\drjiro\cpp-stl-samples\secutiry\secutiry\arm64\debug\secutiry.tlog\cl.items.tlog
